# JRE version: OpenJDK Runtime Environment (8.0_76-b03) (build 1.8.0_76-release-b03)
# Java VM: OpenJDK 64-Bit Server VM (25.76-b03 mixed mode linux-amd64 compressed oops)
Heap:
 PSYoungGen      total 279552K, used 16869K [0x00000000e0000000, 0x00000000f2180000, 0x0000000100000000)
  eden space 262656K, 0% used [0x00000000e0000000,0x00000000e0000000,0x00000000f0080000)
  from space 16896K, 99% used [0x00000000f0080000,0x00000000f10f9540,0x00000000f1100000)
  to   space 16384K, 0% used [0x00000000f1180000,0x00000000f1180000,0x00000000f2180000)
 ParOldGen       total 84992K, used 66202K [0x00000000a0000000, 0x00000000a5300000, 0x00000000e0000000)
  object space 84992K, 77% used [0x00000000a0000000,0x00000000a40a6ae0,0x00000000a5300000)
 Metaspace       used 69272K, capacity 72678K, committed 72832K, reserved 1112064K
  class space    used 9022K, capacity 9844K, committed 9856K, reserved 1048576K
GC Heap History (10 events):
Event: 74.276 GC heap after
Heap after GC invocations=21 (full 4):
 PSYoungGen      total 205312K, used 6866K [0x00000000e0000000, 0x00000000f0f80000, 0x0000000100000000)
  eden space 185344K, 0% used [0x00000000e0000000,0x00000000e0000000,0x00000000eb500000)
  from space 19968K, 34% used [0x00000000eb500000,0x00000000ebbb4ac8,0x00000000ec880000)
  to   space 18944K, 0% used [0x00000000efd00000,0x00000000efd00000,0x00000000f0f80000)
 ParOldGen       total 84992K, used 63578K [0x00000000a0000000, 0x00000000a5300000, 0x00000000e0000000)
  object space 84992K, 74% used [0x00000000a0000000,0x00000000a3e16b80,0x00000000a5300000)
 Metaspace       used 60757K, capacity 63164K, committed 63232K, reserved 1103872K
  class space    used 8078K, capacity 8703K, committed 8704K, reserved 1048576K
}
Event: 79.022 GC heap before
{Heap before GC invocations=22 (full 4):
 PSYoungGen      total 205312K, used 192210K [0x00000000e0000000, 0x00000000f0f80000, 0x0000000100000000)
  eden space 185344K, 100% used [0x00000000e0000000,0x00000000eb500000,0x00000000eb500000)
  from space 19968K, 34% used [0x00000000eb500000,0x00000000ebbb4ac8,0x00000000ec880000)
  to   space 18944K, 0% used [0x00000000efd00000,0x00000000efd00000,0x00000000f0f80000)
 ParOldGen       total 84992K, used 63578K [0x00000000a0000000, 0x00000000a5300000, 0x00000000e0000000)
  object space 84992K, 74% used [0x00000000a0000000,0x00000000a3e16b80,0x00000000a5300000)
 Metaspace       used 62221K, capacity 65054K, committed 65280K, reserved 1105920K
  class space    used 8246K, capacity 8958K, committed 8960K, reserved 1048576K
Event: 79.119 GC heap after
Heap after GC invocations=22 (full 4):
 PSYoungGen      total 232448K, used 9074K [0x00000000e0000000, 0x00000000f0600000, 0x0000000100000000)
  eden space 223232K, 0% used [0x00000000e0000000,0x00000000e0000000,0x00000000eda00000)
  from space 9216K, 98% used [0x00000000efd00000,0x00000000f05dc8b8,0x00000000f0600000)
  to   space 18432K, 0% used [0x00000000ee200000,0x00000000ee200000,0x00000000ef400000)
 ParOldGen       total 84992K, used 67261K [0x00000000a0000000, 0x00000000a5300000, 0x00000000e0000000)
  object space 84992K, 79% used [0x00000000a0000000,0x00000000a41af5e0,0x00000000a5300000)
 Metaspace       used 62221K, capacity 65054K, committed 65280K, reserved 1105920K
  class space    used 8246K, capacity 8958K, committed 8960K, reserved 1048576K
}
Event: 289.301 GC heap before
{Heap before GC invocations=23 (full 4):
 PSYoungGen      total 232448K, used 232306K [0x00000000e0000000, 0x00000000f0600000, 0x0000000100000000)
  eden space 223232K, 100% used [0x00000000e0000000,0x00000000eda00000,0x00000000eda00000)
  from space 9216K, 98% used [0x00000000efd00000,0x00000000f05dc8b8,0x00000000f0600000)
  to   space 18432K, 0% used [0x00000000ee200000,0x00000000ee200000,0x00000000ef400000)
 ParOldGen       total 84992K, used 67261K [0x00000000a0000000, 0x00000000a5300000, 0x00000000e0000000)
  object space 84992K, 79% used [0x00000000a0000000,0x00000000a41af5e0,0x00000000a5300000)
 Metaspace       used 63871K, capacity 66900K, committed 67072K, reserved 1107968K
  class space    used 8464K, capacity 9215K, committed 9216K, reserved 1048576K
Event: 289.330 GC heap after
Heap after GC invocations=23 (full 4):
 PSYoungGen      total 249856K, used 6676K [0x00000000e0000000, 0x00000000f2280000, 0x0000000100000000)
  eden space 231424K, 0% used [0x00000000e0000000,0x00000000e0000000,0x00000000ee200000)
  from space 18432K, 36% used [0x00000000ee200000,0x00000000ee885318,0x00000000ef400000)
  to   space 17408K, 0% used [0x00000000f1180000,0x00000000f1180000,0x00000000f2280000)
 ParOldGen       total 84992K, used 71751K [0x00000000a0000000, 0x00000000a5300000, 0x00000000e0000000)
  object space 84992K, 84% used [0x00000000a0000000,0x00000000a4611eb8,0x00000000a5300000)
 Metaspace       used 63871K, capacity 66900K, committed 67072K, reserved 1107968K
  class space    used 8464K, capacity 9215K, committed 9216K, reserved 1048576K
}
Event: 292.386 GC heap before
{Heap before GC invocations=24 (full 4):
 PSYoungGen      total 249856K, used 110501K [0x00000000e0000000, 0x00000000f2280000, 0x0000000100000000)
  eden space 231424K, 44% used [0x00000000e0000000,0x00000000e65642f8,0x00000000ee200000)
  from space 18432K, 36% used [0x00000000ee200000,0x00000000ee885318,0x00000000ef400000)
  to   space 17408K, 0% used [0x00000000f1180000,0x00000000f1180000,0x00000000f2280000)
 ParOldGen       total 84992K, used 71751K [0x00000000a0000000, 0x00000000a5300000, 0x00000000e0000000)
  object space 84992K, 84% used [0x00000000a0000000,0x00000000a4611eb8,0x00000000a5300000)
 Metaspace       used 68419K, capacity 71430K, committed 71680K, reserved 1112064K
  class space    used 8939K, capacity 9634K, committed 9728K, reserved 1048576K
Event: 292.420 GC heap after
Heap after GC invocations=24 (full 4):
 PSYoungGen      total 279040K, used 7769K [0x00000000e0000000, 0x00000000f2180000, 0x0000000100000000)
  eden space 262656K, 0% used [0x00000000e0000000,0x00000000e0000000,0x00000000f0080000)
  from space 16384K, 47% used [0x00000000f1180000,0x00000000f1916418,0x00000000f2180000)
  to   space 16896K, 0% used [0x00000000f0080000,0x00000000f0080000,0x00000000f1100000)
 ParOldGen       total 84992K, used 71767K [0x00000000a0000000, 0x00000000a5300000, 0x00000000e0000000)
  object space 84992K, 84% used [0x00000000a0000000,0x00000000a4615eb8,0x00000000a5300000)
 Metaspace       used 68419K, capacity 71430K, committed 71680K, reserved 1112064K
  class space    used 8939K, capacity 9634K, committed 9728K, reserved 1048576K
}
Event: 292.420 GC heap before
{Heap before GC invocations=25 (full 5):
 PSYoungGen      total 279040K, used 7769K [0x00000000e0000000, 0x00000000f2180000, 0x0000000100000000)
  eden space 262656K, 0% used [0x00000000e0000000,0x00000000e0000000,0x00000000f0080000)
  from space 16384K, 47% used [0x00000000f1180000,0x00000000f1916418,0x00000000f2180000)
  to   space 16896K, 0% used [0x00000000f0080000,0x00000000f0080000,0x00000000f1100000)
 ParOldGen       total 84992K, used 71767K [0x00000000a0000000, 0x00000000a5300000, 0x00000000e0000000)
  object space 84992K, 84% used [0x00000000a0000000,0x00000000a4615eb8,0x00000000a5300000)
 Metaspace       used 68419K, capacity 71430K, committed 71680K, reserved 1112064K
  class space    used 8939K, capacity 9634K, committed 9728K, reserved 1048576K
Event: 292.934 GC heap after
Heap after GC invocations=25 (full 5):
 PSYoungGen      total 279040K, used 0K [0x00000000e0000000, 0x00000000f2180000, 0x0000000100000000)
  eden space 262656K, 0% used [0x00000000e0000000,0x00000000e0000000,0x00000000f0080000)
  from space 16384K, 0% used [0x00000000f1180000,0x00000000f1180000,0x00000000f2180000)
  to   space 16896K, 0% used [0x00000000f0080000,0x00000000f0080000,0x00000000f1100000)
 ParOldGen       total 84992K, used 62066K [0x00000000a0000000, 0x00000000a5300000, 0x00000000e0000000)
  object space 84992K, 73% used [0x00000000a0000000,0x00000000a3c9c970,0x00000000a5300000)
 Metaspace       used 68417K, capacity 71424K, committed 71680K, reserved 1112064K
  class space    used 8938K, capacity 9633K, committed 9728K, reserved 1048576K
}
Event: 377.829 GC heap before
{Heap before GC invocations=26 (full 5):
 PSYoungGen      total 279040K, used 262656K [0x00000000e0000000, 0x00000000f2180000, 0x0000000100000000)
  eden space 262656K, 100% used [0x00000000e0000000,0x00000000f0080000,0x00000000f0080000)
  from space 16384K, 0% used [0x00000000f1180000,0x00000000f1180000,0x00000000f2180000)
  to   space 16896K, 0% used [0x00000000f0080000,0x00000000f0080000,0x00000000f1100000)
 ParOldGen       total 84992K, used 62066K [0x00000000a0000000, 0x00000000a5300000, 0x00000000e0000000)
  object space 84992K, 73% used [0x00000000a0000000,0x00000000a3c9c970,0x00000000a5300000)
 Metaspace       used 69272K, capacity 72678K, committed 72832K, reserved 1112064K
  class space    used 9022K, capacity 9844K, committed 9856K, reserved 1048576K

