# JRE version: OpenJDK Runtime Environment (8.0_76-b03) (build 1.8.0_76-release-b03)
# Java VM: OpenJDK 64-Bit Server VM (25.76-b03 mixed mode linux-amd64 compressed oops)
Heap:
 PSYoungGen      total 249856K, used 3885K [0x00000000e0000000, 0x00000000f0300000, 0x0000000100000000)
  eden space 235520K, 1% used [0x00000000e0000000,0x00000000e03cb458,0x00000000ee600000)
  from space 14336K, 0% used [0x00000000ef500000,0x00000000ef500000,0x00000000f0300000)
  to   space 14848K, 0% used [0x00000000ee600000,0x00000000ee600000,0x00000000ef480000)
 ParOldGen       total 75776K, used 75766K [0x00000000a0000000, 0x00000000a4a00000, 0x00000000e0000000)
  object space 75776K, 99% used [0x00000000a0000000,0x00000000a49fd858,0x00000000a4a00000)
 Metaspace       used 67513K, capacity 71702K, committed 71936K, reserved 1112064K
  class space    used 8936K, capacity 9975K, committed 9984K, reserved 1048576K
GC Heap History (10 events):
Event: 310.034 GC heap after
Heap after GC invocations=30 (full 6):
 PSYoungGen      total 250368K, used 0K [0x00000000e0000000, 0x00000000f0400000, 0x0000000100000000)
  eden space 235520K, 0% used [0x00000000e0000000,0x00000000e0000000,0x00000000ee600000)
  from space 14848K, 0% used [0x00000000ef580000,0x00000000ef580000,0x00000000f0400000)
  to   space 15360K, 0% used [0x00000000ee600000,0x00000000ee600000,0x00000000ef500000)
 ParOldGen       total 75776K, used 55155K [0x00000000a0000000, 0x00000000a4a00000, 0x00000000e0000000)
  object space 75776K, 72% used [0x00000000a0000000,0x00000000a35dcd30,0x00000000a4a00000)
 Metaspace       used 61540K, capacity 64856K, committed 65152K, reserved 1105920K
  class space    used 8192K, capacity 9024K, committed 9088K, reserved 1048576K
}
Event: 588.519 GC heap before
{Heap before GC invocations=31 (full 6):
 PSYoungGen      total 250368K, used 180600K [0x00000000e0000000, 0x00000000f0400000, 0x0000000100000000)
  eden space 235520K, 76% used [0x00000000e0000000,0x00000000eb05e390,0x00000000ee600000)
  from space 14848K, 0% used [0x00000000ef580000,0x00000000ef580000,0x00000000f0400000)
  to   space 15360K, 0% used [0x00000000ee600000,0x00000000ee600000,0x00000000ef500000)
 ParOldGen       total 75776K, used 55155K [0x00000000a0000000, 0x00000000a4a00000, 0x00000000e0000000)
  object space 75776K, 72% used [0x00000000a0000000,0x00000000a35dcd30,0x00000000a4a00000)
 Metaspace       used 62774K, capacity 66524K, committed 66688K, reserved 1105920K
  class space    used 8365K, capacity 9285K, committed 9344K, reserved 1048576K
Event: 588.590 GC heap after
Heap after GC invocations=31 (full 6):
 PSYoungGen      total 250880K, used 9206K [0x00000000e0000000, 0x00000000f0400000, 0x0000000100000000)
  eden space 235520K, 0% used [0x00000000e0000000,0x00000000e0000000,0x00000000ee600000)
  from space 15360K, 59% used [0x00000000ee600000,0x00000000eeefd890,0x00000000ef500000)
  to   space 15360K, 0% used [0x00000000ef500000,0x00000000ef500000,0x00000000f0400000)
 ParOldGen       total 75776K, used 55163K [0x00000000a0000000, 0x00000000a4a00000, 0x00000000e0000000)
  object space 75776K, 72% used [0x00000000a0000000,0x00000000a35ded30,0x00000000a4a00000)
 Metaspace       used 62774K, capacity 66524K, committed 66688K, reserved 1105920K
  class space    used 8365K, capacity 9285K, committed 9344K, reserved 1048576K
}
Event: 588.590 GC heap before
{Heap before GC invocations=32 (full 7):
 PSYoungGen      total 250880K, used 9206K [0x00000000e0000000, 0x00000000f0400000, 0x0000000100000000)
  eden space 235520K, 0% used [0x00000000e0000000,0x00000000e0000000,0x00000000ee600000)
  from space 15360K, 59% used [0x00000000ee600000,0x00000000eeefd890,0x00000000ef500000)
  to   space 15360K, 0% used [0x00000000ef500000,0x00000000ef500000,0x00000000f0400000)
 ParOldGen       total 75776K, used 55163K [0x00000000a0000000, 0x00000000a4a00000, 0x00000000e0000000)
  object space 75776K, 72% used [0x00000000a0000000,0x00000000a35ded30,0x00000000a4a00000)
 Metaspace       used 62774K, capacity 66524K, committed 66688K, reserved 1105920K
  class space    used 8365K, capacity 9285K, committed 9344K, reserved 1048576K
Event: 588.930 GC heap after
Heap after GC invocations=32 (full 7):
 PSYoungGen      total 250880K, used 0K [0x00000000e0000000, 0x00000000f0400000, 0x0000000100000000)
  eden space 235520K, 0% used [0x00000000e0000000,0x00000000e0000000,0x00000000ee600000)
  from space 15360K, 0% used [0x00000000ee600000,0x00000000ee600000,0x00000000ef500000)
  to   space 15360K, 0% used [0x00000000ef500000,0x00000000ef500000,0x00000000f0400000)
 ParOldGen       total 75776K, used 63475K [0x00000000a0000000, 0x00000000a4a00000, 0x00000000e0000000)
  object space 75776K, 83% used [0x00000000a0000000,0x00000000a3dfcea0,0x00000000a4a00000)
 Metaspace       used 62774K, capacity 66524K, committed 66688K, reserved 1105920K
  class space    used 8365K, capacity 9285K, committed 9344K, reserved 1048576K
}
Event: 1113.790 GC heap before
{Heap before GC invocations=33 (full 7):
 PSYoungGen      total 250880K, used 149566K [0x00000000e0000000, 0x00000000f0400000, 0x0000000100000000)
  eden space 235520K, 63% used [0x00000000e0000000,0x00000000e920fa60,0x00000000ee600000)
  from space 15360K, 0% used [0x00000000ee600000,0x00000000ee600000,0x00000000ef500000)
  to   space 15360K, 0% used [0x00000000ef500000,0x00000000ef500000,0x00000000f0400000)
 ParOldGen       total 75776K, used 63475K [0x00000000a0000000, 0x00000000a4a00000, 0x00000000e0000000)
  object space 75776K, 83% used [0x00000000a0000000,0x00000000a3dfcea0,0x00000000a4a00000)
 Metaspace       used 64077K, capacity 68220K, committed 68352K, reserved 1107968K
  class space    used 8553K, capacity 9602K, committed 9728K, reserved 1048576K
Event: 1113.922 GC heap after
Heap after GC invocations=33 (full 7):
 PSYoungGen      total 249856K, used 6931K [0x00000000e0000000, 0x00000000f0300000, 0x0000000100000000)
  eden space 235520K, 0% used [0x00000000e0000000,0x00000000e0000000,0x00000000ee600000)
  from space 14336K, 48% used [0x00000000ef500000,0x00000000efbc4ef0,0x00000000f0300000)
  to   space 14848K, 0% used [0x00000000ee600000,0x00000000ee600000,0x00000000ef480000)
 ParOldGen       total 75776K, used 63483K [0x00000000a0000000, 0x00000000a4a00000, 0x00000000e0000000)
  object space 75776K, 83% used [0x00000000a0000000,0x00000000a3dfeea0,0x00000000a4a00000)
 Metaspace       used 64077K, capacity 68220K, committed 68352K, reserved 1107968K
  class space    used 8553K, capacity 9602K, committed 9728K, reserved 1048576K
}
Event: 1113.922 GC heap before
{Heap before GC invocations=34 (full 8):
 PSYoungGen      total 249856K, used 6931K [0x00000000e0000000, 0x00000000f0300000, 0x0000000100000000)
  eden space 235520K, 0% used [0x00000000e0000000,0x00000000e0000000,0x00000000ee600000)
  from space 14336K, 48% used [0x00000000ef500000,0x00000000efbc4ef0,0x00000000f0300000)
  to   space 14848K, 0% used [0x00000000ee600000,0x00000000ee600000,0x00000000ef480000)
 ParOldGen       total 75776K, used 63483K [0x00000000a0000000, 0x00000000a4a00000, 0x00000000e0000000)
  object space 75776K, 83% used [0x00000000a0000000,0x00000000a3dfeea0,0x00000000a4a00000)
 Metaspace       used 64077K, capacity 68220K, committed 68352K, reserved 1107968K
  class space    used 8553K, capacity 9602K, committed 9728K, reserved 1048576K
Event: 1114.338 GC heap after
Heap after GC invocations=34 (full 8):
 PSYoungGen      total 249856K, used 0K [0x00000000e0000000, 0x00000000f0300000, 0x0000000100000000)
  eden space 235520K, 0% used [0x00000000e0000000,0x00000000e0000000,0x00000000ee600000)
  from space 14336K, 0% used [0x00000000ef500000,0x00000000ef500000,0x00000000f0300000)
  to   space 14848K, 0% used [0x00000000ee600000,0x00000000ee600000,0x00000000ef480000)
 ParOldGen       total 75776K, used 67490K [0x00000000a0000000, 0x00000000a4a00000, 0x00000000e0000000)
  object space 75776K, 89% used [0x00000000a0000000,0x00000000a41e8a10,0x00000000a4a00000)
 Metaspace       used 64024K, capacity 68100K, committed 68352K, reserved 1107968K
  class space    used 8539K, capacity 9562K, committed 9728K, reserved 1048576K
}
Event: 1161.466 GC heap before
{Heap before GC invocations=35 (full 9):
 PSYoungGen      total 249856K, used 235520K [0x00000000e0000000, 0x00000000f0300000, 0x0000000100000000)
  eden space 235520K, 100% used [0x00000000e0000000,0x00000000ee600000,0x00000000ee600000)
  from space 14336K, 0% used [0x00000000ef500000,0x00000000ef500000,0x00000000f0300000)
  to   space 14848K, 0% used [0x00000000ee600000,0x00000000ee600000,0x00000000ef480000)
 ParOldGen       total 75776K, used 67490K [0x00000000a0000000, 0x00000000a4a00000, 0x00000000e0000000)
  object space 75776K, 89% used [0x00000000a0000000,0x00000000a41e8a10,0x00000000a4a00000)
 Metaspace       used 67513K, capacity 71702K, committed 71936K, reserved 1112064K
  class space    used 8936K, capacity 9975K, committed 9984K, reserved 1048576K

