# JRE version: OpenJDK Runtime Environment (8.0_76-b03) (build 1.8.0_76-release-b03)
# Java VM: OpenJDK 64-Bit Server VM (25.76-b03 mixed mode linux-amd64 compressed oops)
Heap:
 PSYoungGen      total 237056K, used 15333K [0x00000000e0000000, 0x00000000ef680000, 0x0000000100000000)
  eden space 221696K, 0% used [0x00000000e0000000,0x00000000e0000000,0x00000000ed880000)
  from space 15360K, 99% used [0x00000000ed880000,0x00000000ee779440,0x00000000ee780000)
  to   space 10240K, 0% used [0x00000000eec80000,0x00000000eec80000,0x00000000ef680000)
 ParOldGen       total 82432K, used 51773K [0x00000000a0000000, 0x00000000a5080000, 0x00000000e0000000)
  object space 82432K, 62% used [0x00000000a0000000,0x00000000a328f640,0x00000000a5080000)
 Metaspace       used 60030K, capacity 61376K, committed 61440K, reserved 1101824K
  class space    used 7807K, capacity 8130K, committed 8192K, reserved 1048576K
GC Heap History (10 events):
Event: 15.773 GC heap after
Heap after GC invocations=15 (full 2):
 PSYoungGen      total 131584K, used 8696K [0x00000000e0000000, 0x00000000ebd80000, 0x0000000100000000)
  eden space 122880K, 0% used [0x00000000e0000000,0x00000000e0000000,0x00000000e7800000)
  from space 8704K, 99% used [0x00000000e7800000,0x00000000e807e2d0,0x00000000e8080000)
  to   space 10752K, 0% used [0x00000000eb300000,0x00000000eb300000,0x00000000ebd80000)
 ParOldGen       total 44544K, used 18438K [0x00000000a0000000, 0x00000000a2b80000, 0x00000000e0000000)
  object space 44544K, 41% used [0x00000000a0000000,0x00000000a1201b98,0x00000000a2b80000)
 Metaspace       used 43484K, capacity 44376K, committed 44800K, reserved 1087488K
  class space    used 5821K, capacity 6056K, committed 6144K, reserved 1048576K
}
Event: 19.146 GC heap before
{Heap before GC invocations=16 (full 2):
 PSYoungGen      total 131584K, used 131576K [0x00000000e0000000, 0x00000000ebd80000, 0x0000000100000000)
  eden space 122880K, 100% used [0x00000000e0000000,0x00000000e7800000,0x00000000e7800000)
  from space 8704K, 99% used [0x00000000e7800000,0x00000000e807e2d0,0x00000000e8080000)
  to   space 10752K, 0% used [0x00000000eb300000,0x00000000eb300000,0x00000000ebd80000)
 ParOldGen       total 44544K, used 18438K [0x00000000a0000000, 0x00000000a2b80000, 0x00000000e0000000)
  object space 44544K, 41% used [0x00000000a0000000,0x00000000a1201b98,0x00000000a2b80000)
 Metaspace       used 49031K, capacity 50276K, committed 50432K, reserved 1093632K
  class space    used 6573K, capacity 6884K, committed 6912K, reserved 1048576K
Event: 19.183 GC heap after
Heap after GC invocations=16 (full 2):
 PSYoungGen      total 178176K, used 10740K [0x00000000e0000000, 0x00000000ec500000, 0x0000000100000000)
  eden space 167424K, 0% used [0x00000000e0000000,0x00000000e0000000,0x00000000ea380000)
  from space 10752K, 99% used [0x00000000eb300000,0x00000000ebd7d1f0,0x00000000ebd80000)
  to   space 15872K, 0% used [0x00000000ea380000,0x00000000ea380000,0x00000000eb300000)
 ParOldGen       total 44544K, used 28667K [0x00000000a0000000, 0x00000000a2b80000, 0x00000000e0000000)
  object space 44544K, 64% used [0x00000000a0000000,0x00000000a1bfeda0,0x00000000a2b80000)
 Metaspace       used 49031K, capacity 50276K, committed 50432K, reserved 1093632K
  class space    used 6573K, capacity 6884K, committed 6912K, reserved 1048576K
}
Event: 24.864 GC heap before
{Heap before GC invocations=17 (full 2):
 PSYoungGen      total 178176K, used 178164K [0x00000000e0000000, 0x00000000ec500000, 0x0000000100000000)
  eden space 167424K, 100% used [0x00000000e0000000,0x00000000ea380000,0x00000000ea380000)
  from space 10752K, 99% used [0x00000000eb300000,0x00000000ebd7d1f0,0x00000000ebd80000)
  to   space 15872K, 0% used [0x00000000ea380000,0x00000000ea380000,0x00000000eb300000)
 ParOldGen       total 44544K, used 28667K [0x00000000a0000000, 0x00000000a2b80000, 0x00000000e0000000)
  object space 44544K, 64% used [0x00000000a0000000,0x00000000a1bfeda0,0x00000000a2b80000)
 Metaspace       used 56960K, capacity 58308K, committed 58496K, reserved 1099776K
  class space    used 7494K, capacity 7804K, committed 7808K, reserved 1048576K
Event: 24.896 GC heap after
Heap after GC invocations=17 (full 2):
 PSYoungGen      total 183296K, used 9021K [0x00000000e0000000, 0x00000000efc00000, 0x0000000100000000)
  eden space 167424K, 0% used [0x00000000e0000000,0x00000000e0000000,0x00000000ea380000)
  from space 15872K, 56% used [0x00000000ea380000,0x00000000eac4f740,0x00000000eb300000)
  to   space 15872K, 0% used [0x00000000eec80000,0x00000000eec80000,0x00000000efc00000)
 ParOldGen       total 44544K, used 38405K [0x00000000a0000000, 0x00000000a2b80000, 0x00000000e0000000)
  object space 44544K, 86% used [0x00000000a0000000,0x00000000a25816a0,0x00000000a2b80000)
 Metaspace       used 56960K, capacity 58308K, committed 58496K, reserved 1099776K
  class space    used 7494K, capacity 7804K, committed 7808K, reserved 1048576K
}
Event: 24.896 GC heap before
{Heap before GC invocations=18 (full 3):
 PSYoungGen      total 183296K, used 9021K [0x00000000e0000000, 0x00000000efc00000, 0x0000000100000000)
  eden space 167424K, 0% used [0x00000000e0000000,0x00000000e0000000,0x00000000ea380000)
  from space 15872K, 56% used [0x00000000ea380000,0x00000000eac4f740,0x00000000eb300000)
  to   space 15872K, 0% used [0x00000000eec80000,0x00000000eec80000,0x00000000efc00000)
 ParOldGen       total 44544K, used 38405K [0x00000000a0000000, 0x00000000a2b80000, 0x00000000e0000000)
  object space 44544K, 86% used [0x00000000a0000000,0x00000000a25816a0,0x00000000a2b80000)
 Metaspace       used 56960K, capacity 58308K, committed 58496K, reserved 1099776K
  class space    used 7494K, capacity 7804K, committed 7808K, reserved 1048576K
Event: 25.146 GC heap after
Heap after GC invocations=18 (full 3):
 PSYoungGen      total 183296K, used 0K [0x00000000e0000000, 0x00000000efc00000, 0x0000000100000000)
  eden space 167424K, 0% used [0x00000000e0000000,0x00000000e0000000,0x00000000ea380000)
  from space 15872K, 0% used [0x00000000ea380000,0x00000000ea380000,0x00000000eb300000)
  to   space 15872K, 0% used [0x00000000eec80000,0x00000000eec80000,0x00000000efc00000)
 ParOldGen       total 82432K, used 39962K [0x00000000a0000000, 0x00000000a5080000, 0x00000000e0000000)
  object space 82432K, 48% used [0x00000000a0000000,0x00000000a27068a8,0x00000000a5080000)
 Metaspace       used 56958K, capacity 58302K, committed 58496K, reserved 1099776K
  class space    used 7494K, capacity 7803K, committed 7808K, reserved 1048576K
}
Event: 26.919 GC heap before
{Heap before GC invocations=19 (full 3):
 PSYoungGen      total 183296K, used 167424K [0x00000000e0000000, 0x00000000efc00000, 0x0000000100000000)
  eden space 167424K, 100% used [0x00000000e0000000,0x00000000ea380000,0x00000000ea380000)
  from space 15872K, 0% used [0x00000000ea380000,0x00000000ea380000,0x00000000eb300000)
  to   space 15872K, 0% used [0x00000000eec80000,0x00000000eec80000,0x00000000efc00000)
 ParOldGen       total 82432K, used 39962K [0x00000000a0000000, 0x00000000a5080000, 0x00000000e0000000)
  object space 82432K, 48% used [0x00000000a0000000,0x00000000a27068a8,0x00000000a5080000)
 Metaspace       used 57025K, capacity 58308K, committed 58496K, reserved 1099776K
  class space    used 7495K, capacity 7804K, committed 7808K, reserved 1048576K
Event: 26.947 GC heap after
Heap after GC invocations=19 (full 3):
 PSYoungGen      total 231936K, used 6896K [0x00000000e0000000, 0x00000000ef680000, 0x0000000100000000)
  eden space 221696K, 0% used [0x00000000e0000000,0x00000000e0000000,0x00000000ed880000)
  from space 10240K, 67% used [0x00000000eec80000,0x00000000ef33c030,0x00000000ef680000)
  to   space 15360K, 0% used [0x00000000ed880000,0x00000000ed880000,0x00000000ee780000)
 ParOldGen       total 82432K, used 39970K [0x00000000a0000000, 0x00000000a5080000, 0x00000000e0000000)
  object space 82432K, 48% used [0x00000000a0000000,0x00000000a27088a8,0x00000000a5080000)
 Metaspace       used 57025K, capacity 58308K, committed 58496K, reserved 1099776K
  class space    used 7495K, capacity 7804K, committed 7808K, reserved 1048576K
}
Event: 28.885 GC heap before
{Heap before GC invocations=20 (full 3):
 PSYoungGen      total 231936K, used 228592K [0x00000000e0000000, 0x00000000ef680000, 0x0000000100000000)
  eden space 221696K, 100% used [0x00000000e0000000,0x00000000ed880000,0x00000000ed880000)
  from space 10240K, 67% used [0x00000000eec80000,0x00000000ef33c030,0x00000000ef680000)
  to   space 15360K, 0% used [0x00000000ed880000,0x00000000ed880000,0x00000000ee780000)
 ParOldGen       total 82432K, used 39970K [0x00000000a0000000, 0x00000000a5080000, 0x00000000e0000000)
  object space 82432K, 48% used [0x00000000a0000000,0x00000000a27088a8,0x00000000a5080000)
 Metaspace       used 60030K, capacity 61376K, committed 61440K, reserved 1101824K
  class space    used 7807K, capacity 8130K, committed 8192K, reserved 1048576K

